2026-04-01 09:46:15,250 [INFO] === INÍCIO DA EXECUÇÃO ===
2026-04-01 09:46:34,372 [INFO] === INÍCIO DA EXECUÇÃO ===
2026-04-01 09:47:19,169 [INFO] === INÍCIO DA EXECUÇÃO ===
2026-04-01 09:53:39,672 [INFO] === INÍCIO DA EXECUÇÃO ===
2026-04-01 09:54:29,248 [INFO] === INÍCIO DA EXECUÇÃO ===
2026-04-01 09:55:58,617 [INFO] === INÍCIO DA EXECUÇÃO ===
2026-04-01 09:56:01,426 [ERROR] [ERRO] Erro Crítico no Main: name 'library' is not defined
Traceback (most recent call last):
  File "C:\python\IntegracaoPhyton_AS400\CreateAPIPackage\get_main.py", line 34, in main
    run_qry()
  File "C:\python\IntegracaoPhyton_AS400\CreateAPIPackage\run_query.py", line 18, in run_qry
    if not check_table_exists(cursor, library, table):
NameError: name 'library' is not defined
2026-04-01 09:58:12,392 [INFO] === INÍCIO DA EXECUÇÃO ===
2026-04-01 09:58:12,977 [INFO] Iniciando extração de dados do IBM i...
2026-04-01 09:58:13,366 [INFO] Data de referência DB: 20260401
2026-04-01 09:58:14,435 [INFO] [OK] Query concluída. 155 registos encontrados em 1.07s
2026-04-01 11:23:01,591 [INFO] === INÍCIO DA EXECUÇÃO ===
2026-04-01 11:23:02,133 [INFO] Iniciando extração de dados do IBM i...
2026-04-01 11:23:02,470 [INFO] Data de referência DB: 20260401
